#
# There is insufficient memory for the Java Runtime Environment to continue.
# Native memory allocation (malloc) failed to allocate 1685216 bytes for Chunk::new
# Possible reasons:
#   The system is out of physical RAM or swap space
#   In 32 bit mode, the process size limit was hit
# Possible solutions:
#   Reduce memory load on the system
#   Increase physical memory or swap space
#   Check if swap backing store is full
#   Use 64 bit Java on a 64 bit OS
#   Decrease Java heap size (-Xmx/-Xms)
#   Decrease number of Java threads
#   Decrease Java thread stack sizes (-Xss)
#   Set larger code cache with -XX:ReservedCodeCacheSize=
# This output file may be truncated or incomplete.
#
#  Out of Memory Error (allocation.cpp:390), pid=13192, tid=9268
#
# JRE version: Java(TM) SE Runtime Environment (8.0_25-b18) (build 1.8.0_25-b18)
# Java VM: Java HotSpot(TM) 64-Bit Server VM (25.25-b02 mixed mode windows-amd64 compressed oops)
# Failed to write core dump. Minidumps are not enabled by default on client versions of Windows
#

---------------  T H R E A D  ---------------

Current thread (0x000000001450e800):  JavaThread "C2 CompilerThread0" daemon [_thread_in_native, id=9268, stack(0x0000000015750000,0x0000000015850000)]

Stack: [0x0000000015750000,0x0000000015850000]
Native frames: (J=compiled Java code, j=interpreted, Vv=VM code, C=native code)
V  [jvm.dll+0x31667a]
V  [jvm.dll+0x267073]
V  [jvm.dll+0x267cb3]
V  [jvm.dll+0x25f5b5]
V  [jvm.dll+0xbf165]
V  [jvm.dll+0xbf60c]
V  [jvm.dll+0x45d672]
V  [jvm.dll+0x49e8ef]
V  [jvm.dll+0x452275]
V  [jvm.dll+0x453864]
V  [jvm.dll+0x437372]
V  [jvm.dll+0x98a02]
V  [jvm.dll+0x991f3]
V  [jvm.dll+0x22bde4]
V  [jvm.dll+0x2852fa]
C  [msvcr100.dll+0x21d9f]
C  [msvcr100.dll+0x21e3b]
C  [KERNEL32.DLL+0x16ad]
C  [ntdll.dll+0x54409]


Current CompileTask:
C2:   8551 2342       4       java.net.URLClassLoader$1::run (5 bytes)


---------------  P R O C E S S  ---------------

Java Threads: ( => current thread )
  0x0000000016a0b800 JavaThread "Daemon worker" [_thread_blocked, id=10264, stack(0x0000000018100000,0x0000000018200000)]
  0x0000000016acc000 JavaThread "Cancel handler" [_thread_blocked, id=2948, stack(0x0000000018000000,0x0000000018100000)]
  0x00000000169f8000 JavaThread "Handler for socket connection from /127.0.0.1:60938 to /127.0.0.1:60939" [_thread_in_native, id=9968, stack(0x0000000017f00000,0x0000000018000000)]
  0x00000000169f6800 JavaThread "Daemon" [_thread_blocked, id=11196, stack(0x0000000017e00000,0x0000000017f00000)]
  0x000000001684f000 JavaThread "Incoming local TCP Connector on port 60938" [_thread_in_native, id=11308, stack(0x0000000017af0000,0x0000000017bf0000)]
  0x0000000014565000 JavaThread "Service Thread" daemon [_thread_blocked, id=13232, stack(0x0000000015950000,0x0000000015a50000)]
  0x000000001455d000 JavaThread "C1 CompilerThread1" daemon [_thread_blocked, id=8972, stack(0x0000000015850000,0x0000000015950000)]
=>0x000000001450e800 JavaThread "C2 CompilerThread0" daemon [_thread_in_native, id=9268, stack(0x0000000015750000,0x0000000015850000)]
  0x000000001450c800 JavaThread "Attach Listener" daemon [_thread_blocked, id=12984, stack(0x0000000015650000,0x0000000015750000)]
  0x000000001450b800 JavaThread "Signal Dispatcher" daemon [_thread_blocked, id=12972, stack(0x0000000015550000,0x0000000015650000)]
  0x0000000001f54000 JavaThread "Finalizer" daemon [_thread_blocked, id=10648, stack(0x0000000015450000,0x0000000015550000)]
  0x0000000001f4d800 JavaThread "Reference Handler" daemon [_thread_blocked, id=10876, stack(0x0000000015350000,0x0000000015450000)]
  0x0000000001e5e800 JavaThread "main" [_thread_blocked, id=10912, stack(0x0000000001c70000,0x0000000001d70000)]

Other Threads:
  0x0000000001f48800 VMThread [stack: 0x0000000015250000,0x0000000015350000] [id=11396]
  0x0000000014569000 WatcherThread [stack: 0x0000000015a50000,0x0000000015b50000] [id=13200]

VM state:at safepoint (normal execution)

VM Mutex/Monitor currently owned by a thread:  ([mutex/lock_event])
[0x0000000001e5d270] Threads_lock - owner thread: 0x0000000001f48800
[0x0000000001e5d6f0] Heap_lock - owner thread: 0x0000000016a0b800

Heap:
 PSYoungGen      total 61440K, used 3080K [0x00000000eab00000, 0x00000000ef300000, 0x0000000100000000)
  eden space 50688K, 0% used [0x00000000eab00000,0x00000000eab00000,0x00000000edc80000)
  from space 10752K, 28% used [0x00000000ee780000,0x00000000eea82340,0x00000000ef200000)
  to   space 11264K, 0% used [0x00000000edc80000,0x00000000edc80000,0x00000000ee780000)
 ParOldGen       total 60928K, used 7844K [0x00000000c0000000, 0x00000000c3b80000, 0x00000000eab00000)
  object space 60928K, 12% used [0x00000000c0000000,0x00000000c07a9210,0x00000000c3b80000)
 Metaspace       used 22642K, capacity 23154K, committed 23424K, reserved 1069056K
  class space    used 2975K, capacity 3131K, committed 3200K, reserved 1048576K

Card table byte_map: [0x0000000011320000,0x0000000011530000] byte_map_base: 0x0000000010d20000

Marking Bits: (ParMarkBitMap*) 0x00000000704cd490
 Begin Bits: [0x0000000011990000, 0x0000000012990000)
 End Bits:   [0x0000000012990000, 0x0000000013990000)

Polling page: 0x0000000001d70000

CodeCache: size=245760Kb used=8611Kb max_used=8611Kb free=237148Kb
 bounds [0x0000000001f60000, 0x00000000027d0000, 0x0000000010f60000]
 total_blobs=2787 nmethods=2406 adapters=295
 compilation: enabled

Compilation events (10 events):
Event: 7.956 Thread 0x000000001455d000 2360       3       org.codehaus.groovy.util.ComplexKeyHashMap$1::hasNext (13 bytes)
Event: 7.956 Thread 0x000000001455d000 nmethod 2360 0x000000000279f210 code [0x000000000279f360, 0x000000000279f510]
Event: 7.956 Thread 0x000000001455d000 2359       3       groovy.lang.MetaClassImpl$Index::getNotNull (32 bytes)
Event: 7.957 Thread 0x000000001455d000 nmethod 2359 0x000000000279e7d0 code [0x000000000279e960, 0x000000000279ef88]
Event: 7.957 Thread 0x000000001455d000 2361  s!   3       java.beans.PropertyDescriptor::getReadMethod (175 bytes)
Event: 7.958 Thread 0x000000001455d000 nmethod 2361 0x00000000027a5d10 code [0x00000000027a6060, 0x00000000027a8168]
Event: 7.958 Thread 0x000000001455d000 2358       3       org.codehaus.groovy.reflection.CachedClass::getName (8 bytes)
Event: 7.959 Thread 0x000000001455d000 nmethod 2358 0x000000000279e210 code [0x000000000279e380, 0x000000000279e6e8]
Event: 7.960 Thread 0x000000001455d000 2362       3       org.codehaus.groovy.reflection.CachedClass::addSubclassExpandos (142 bytes)
Event: 7.961 Thread 0x000000001455d000 nmethod 2362 0x00000000027a8e90 code [0x00000000027a90e0, 0x00000000027aa0b8]

GC Heap History (10 events):
Event: 6.285 GC heap before
{Heap before GC invocations=4 (full 0):
 PSYoungGen      total 38400K, used 21984K [0x00000000eab00000, 0x00000000ed580000, 0x0000000100000000)
  eden space 33280K, 50% used [0x00000000eab00000,0x00000000ebb80168,0x00000000ecb80000)
  from space 5120K, 99% used [0x00000000ecb80000,0x00000000ed078020,0x00000000ed080000)
  to   space 5120K, 0% used [0x00000000ed080000,0x00000000ed080000,0x00000000ed580000)
 ParOldGen       total 87552K, used 4995K [0x00000000c0000000, 0x00000000c5580000, 0x00000000eab00000)
  object space 87552K, 5% used [0x00000000c0000000,0x00000000c04e0e10,0x00000000c5580000)
 Metaspace       used 20853K, capacity 21170K, committed 21296K, reserved 1067008K
  class space    used 2803K, capacity 2931K, committed 2944K, reserved 1048576K
Event: 6.303 GC heap after
Heap after GC invocations=4 (full 0):
 PSYoungGen      total 38400K, used 5092K [0x00000000eab00000, 0x00000000ed580000, 0x0000000100000000)
  eden space 33280K, 0% used [0x00000000eab00000,0x00000000eab00000,0x00000000ecb80000)
  from space 5120K, 99% used [0x00000000ed080000,0x00000000ed5790e0,0x00000000ed580000)
  to   space 5120K, 0% used [0x00000000ecb80000,0x00000000ecb80000,0x00000000ed080000)
 ParOldGen       total 87552K, used 7585K [0x00000000c0000000, 0x00000000c5580000, 0x00000000eab00000)
  object space 87552K, 8% used [0x00000000c0000000,0x00000000c0768538,0x00000000c5580000)
 Metaspace       used 20853K, capacity 21170K, committed 21296K, reserved 1067008K
  class space    used 2803K, capacity 2931K, committed 2944K, reserved 1048576K
}
Event: 6.304 GC heap before
{Heap before GC invocations=5 (full 1):
 PSYoungGen      total 38400K, used 5092K [0x00000000eab00000, 0x00000000ed580000, 0x0000000100000000)
  eden space 33280K, 0% used [0x00000000eab00000,0x00000000eab00000,0x00000000ecb80000)
  from space 5120K, 99% used [0x00000000ed080000,0x00000000ed5790e0,0x00000000ed580000)
  to   space 5120K, 0% used [0x00000000ecb80000,0x00000000ecb80000,0x00000000ed080000)
 ParOldGen       total 87552K, used 7585K [0x00000000c0000000, 0x00000000c5580000, 0x00000000eab00000)
  object space 87552K, 8% used [0x00000000c0000000,0x00000000c0768538,0x00000000c5580000)
 Metaspace       used 20853K, capacity 21170K, committed 21296K, reserved 1067008K
  class space    used 2803K, capacity 2931K, committed 2944K, reserved 1048576K
Event: 6.372 GC heap after
Heap after GC invocations=5 (full 1):
 PSYoungGen      total 38400K, used 0K [0x00000000eab00000, 0x00000000ed580000, 0x0000000100000000)
  eden space 33280K, 0% used [0x00000000eab00000,0x00000000eab00000,0x00000000ecb80000)
  from space 5120K, 0% used [0x00000000ed080000,0x00000000ed080000,0x00000000ed580000)
  to   space 5120K, 0% used [0x00000000ecb80000,0x00000000ecb80000,0x00000000ed080000)
 ParOldGen       total 60928K, used 7820K [0x00000000c0000000, 0x00000000c3b80000, 0x00000000eab00000)
  object space 60928K, 12% used [0x00000000c0000000,0x00000000c07a3210,0x00000000c3b80000)
 Metaspace       used 20851K, capacity 21168K, committed 21296K, reserved 1067008K
  class space    used 2802K, capacity 2930K, committed 2944K, reserved 1048576K
}
Event: 6.767 GC heap before
{Heap before GC invocations=6 (full 1):
 PSYoungGen      total 38400K, used 33280K [0x00000000eab00000, 0x00000000ed580000, 0x0000000100000000)
  eden space 33280K, 100% used [0x00000000eab00000,0x00000000ecb80000,0x00000000ecb80000)
  from space 5120K, 0% used [0x00000000ed080000,0x00000000ed080000,0x00000000ed580000)
  to   space 5120K, 0% used [0x00000000ecb80000,0x00000000ecb80000,0x00000000ed080000)
 ParOldGen       total 60928K, used 7820K [0x00000000c0000000, 0x00000000c3b80000, 0x00000000eab00000)
  object space 60928K, 12% used [0x00000000c0000000,0x00000000c07a3210,0x00000000c3b80000)
 Metaspace       used 21170K, capacity 21520K, committed 21760K, reserved 1069056K
  class space    used 2834K, capacity 2962K, committed 3072K, reserved 1048576K
Event: 6.772 GC heap after
Heap after GC invocations=6 (full 1):
 PSYoungGen      total 38400K, used 660K [0x00000000eab00000, 0x00000000ef200000, 0x0000000100000000)
  eden space 33280K, 0% used [0x00000000eab00000,0x00000000eab00000,0x00000000ecb80000)
  from space 5120K, 12% used [0x00000000ecb80000,0x00000000ecc25118,0x00000000ed080000)
  to   space 10752K, 0% used [0x00000000ee780000,0x00000000ee780000,0x00000000ef200000)
 ParOldGen       total 60928K, used 7828K [0x00000000c0000000, 0x00000000c3b80000, 0x00000000eab00000)
  object space 60928K, 12% used [0x00000000c0000000,0x00000000c07a5210,0x00000000c3b80000)
 Metaspace       used 21170K, capacity 21520K, committed 21760K, reserved 1069056K
  class space    used 2834K, capacity 2962K, committed 3072K, reserved 1048576K
}
Event: 7.023 GC heap before
{Heap before GC invocations=7 (full 1):
 PSYoungGen      total 38400K, used 33940K [0x00000000eab00000, 0x00000000ef200000, 0x0000000100000000)
  eden space 33280K, 100% used [0x00000000eab00000,0x00000000ecb80000,0x00000000ecb80000)
  from space 5120K, 12% used [0x00000000ecb80000,0x00000000ecc25118,0x00000000ed080000)
  to   space 10752K, 0% used [0x00000000ee780000,0x00000000ee780000,0x00000000ef200000)
 ParOldGen       total 60928K, used 7828K [0x00000000c0000000, 0x00000000c3b80000, 0x00000000eab00000)
  object space 60928K, 12% used [0x00000000c0000000,0x00000000c07a5210,0x00000000c3b80000)
 Metaspace       used 21211K, capacity 21584K, committed 21760K, reserved 1069056K
  class space    used 2834K, capacity 2962K, committed 3072K, reserved 1048576K
Event: 7.026 GC heap after
Heap after GC invocations=7 (full 1):
 PSYoungGen      total 61440K, used 656K [0x00000000eab00000, 0x00000000ef300000, 0x0000000100000000)
  eden space 50688K, 0% used [0x00000000eab00000,0x00000000eab00000,0x00000000edc80000)
  from space 10752K, 6% used [0x00000000ee780000,0x00000000ee824030,0x00000000ef200000)
  to   space 11264K, 0% used [0x00000000edc80000,0x00000000edc80000,0x00000000ee780000)
 ParOldGen       total 60928K, used 7836K [0x00000000c0000000, 0x00000000c3b80000, 0x00000000eab00000)
  object space 60928K, 12% used [0x00000000c0000000,0x00000000c07a7210,0x00000000c3b80000)
 Metaspace       used 21211K, capacity 21584K, committed 21760K, reserved 1069056K
  class space    used 2834K, capacity 2962K, committed 3072K, reserved 1048576K
}
Event: 7.312 GC heap before
{Heap before GC invocations=8 (full 1):
 PSYoungGen      total 61440K, used 51344K [0x00000000eab00000, 0x00000000ef300000, 0x0000000100000000)
  eden space 50688K, 100% used [0x00000000eab00000,0x00000000edc80000,0x00000000edc80000)
  from space 10752K, 6% used [0x00000000ee780000,0x00000000ee824030,0x00000000ef200000)
  to   space 11264K, 0% used [0x00000000edc80000,0x00000000edc80000,0x00000000ee780000)
 ParOldGen       total 60928K, used 7836K [0x00000000c0000000, 0x00000000c3b80000, 0x00000000eab00000)
  object space 60928K, 12% used [0x00000000c0000000,0x00000000c07a7210,0x00000000c3b80000)
 Metaspace       used 21212K, capacity 21584K, committed 21760K, reserved 1069056K
  class space    used 2834K, capacity 2962K, committed 3072K, reserved 1048576K
Event: 7.315 GC heap after
Heap after GC invocations=8 (full 1):
 PSYoungGen      total 61952K, used 880K [0x00000000eab00000, 0x00000000ef300000, 0x0000000100000000)
  eden space 50688K, 0% used [0x00000000eab00000,0x00000000eab00000,0x00000000edc80000)
  from space 11264K, 7% used [0x00000000edc80000,0x00000000edd5c030,0x00000000ee780000)
  to   space 10752K, 0% used [0x00000000ee780000,0x00000000ee780000,0x00000000ef200000)
 ParOldGen       total 60928K, used 7836K [0x00000000c0000000, 0x00000000c3b80000, 0x00000000eab00000)
  object space 60928K, 12% used [0x00000000c0000000,0x00000000c07a7210,0x00000000c3b80000)
 Metaspace       used 21212K, capacity 21584K, committed 21760K, reserved 1069056K
  class space    used 2834K, capacity 2962K, committed 3072K, reserved 1048576K
}

Deoptimization events (10 events):
Event: 6.275 Thread 0x0000000016a0b800 Uncommon trap: reason=unreached action=reinterpret pc=0x000000000231bc88 method=java.lang.reflect.Method.invoke(Ljava/lang/Object;[Ljava/lang/Object;)Ljava/lang/Object; @ 45
Event: 6.276 Thread 0x0000000016a0b800 Uncommon trap: reason=bimorphic action=maybe_recompile pc=0x00000000023b0db8 method=java.io.PrintStream.flush()V @ 12
Event: 6.276 Thread 0x0000000016a0b800 Uncommon trap: reason=bimorphic action=maybe_recompile pc=0x00000000023b0db8 method=java.io.PrintStream.flush()V @ 12
Event: 7.354 Thread 0x0000000016a0b800 Uncommon trap: reason=unreached action=reinterpret pc=0x000000000264be1c method=org.codehaus.groovy.ast.ClassNode.redirect()Lorg/codehaus/groovy/ast/ClassNode; @ 4
Event: 7.469 Thread 0x0000000016a0b800 Uncommon trap: reason=unreached action=reinterpret pc=0x0000000002289230 method=java.util.HashMap.hash(Ljava/lang/Object;)I @ 1
Event: 7.865 Thread 0x0000000016a0b800 Uncommon trap: reason=class_check action=maybe_recompile pc=0x000000000232524c method=sun.misc.URLClassPath.getLoader(I)Lsun/misc/URLClassPath$Loader; @ 94
Event: 7.865 Thread 0x0000000016a0b800 Uncommon trap: reason=class_check action=maybe_recompile pc=0x0000000002541b2c method=sun.misc.URLClassPath.getResource(Ljava/lang/String;Z)Lsun/misc/Resource; @ 53
Event: 7.903 Thread 0x0000000016a0b800 Uncommon trap: reason=class_check action=maybe_recompile pc=0x00000000023252e8 method=sun.misc.URLClassPath.getLoader(I)Lsun/misc/URLClassPath$Loader; @ 150
Event: 7.904 Thread 0x0000000016a0b800 Uncommon trap: reason=class_check action=maybe_recompile pc=0x00000000023252e8 method=sun.misc.URLClassPath.getLoader(I)Lsun/misc/URLClassPath$Loader; @ 150
Event: 7.910 Thread 0x0000000016a0b800 Uncommon trap: reason=class_check action=maybe_recompile pc=0x00000000023252e8 method=sun.misc.URLClassPath.getLoader(I)Lsun/misc/URLClassPath$Loader; @ 150

Internal exceptions (10 events):
Event: 7.956 Thread 0x0000000016a0b800 Exception <a 'java/security/PrivilegedActionException'> (0x00000000eb917ea0) thrown at [D:\re\workspace\8-2-build-windows-amd64-cygwin\jdk8u25\1677\hotspot\src\share\vm\prims\jvm.cpp, line 1312]
Event: 7.956 Thread 0x0000000016a0b800 Exception <a 'java/security/PrivilegedActionException'> (0x00000000eb9189c0) thrown at [D:\re\workspace\8-2-build-windows-amd64-cygwin\jdk8u25\1677\hotspot\src\share\vm\prims\jvm.cpp, line 1312]
Event: 7.957 Thread 0x0000000016a0b800 Exception <a 'java/security/PrivilegedActionException'> (0x00000000eb97db90) thrown at [D:\re\workspace\8-2-build-windows-amd64-cygwin\jdk8u25\1677\hotspot\src\share\vm\prims\jvm.cpp, line 1312]
Event: 7.957 Thread 0x0000000016a0b800 Exception <a 'java/security/PrivilegedActionException'> (0x00000000eb97e6d8) thrown at [D:\re\workspace\8-2-build-windows-amd64-cygwin\jdk8u25\1677\hotspot\src\share\vm\prims\jvm.cpp, line 1312]
Event: 7.959 Thread 0x0000000016a0b800 Exception <a 'java/security/PrivilegedActionException'> (0x00000000eb982558) thrown at [D:\re\workspace\8-2-build-windows-amd64-cygwin\jdk8u25\1677\hotspot\src\share\vm\prims\jvm.cpp, line 1312]
Event: 7.959 Thread 0x0000000016a0b800 Exception <a 'java/security/PrivilegedActionException'> (0x00000000eb983160) thrown at [D:\re\workspace\8-2-build-windows-amd64-cygwin\jdk8u25\1677\hotspot\src\share\vm\prims\jvm.cpp, line 1312]
Event: 7.964 Thread 0x0000000016a0b800 Exception <a 'java/security/PrivilegedActionException'> (0x00000000eb99bc18) thrown at [D:\re\workspace\8-2-build-windows-amd64-cygwin\jdk8u25\1677\hotspot\src\share\vm\prims\jvm.cpp, line 1312]
Event: 7.964 Thread 0x0000000016a0b800 Exception <a 'java/security/PrivilegedActionException'> (0x00000000eb99c8b8) thrown at [D:\re\workspace\8-2-build-windows-amd64-cygwin\jdk8u25\1677\hotspot\src\share\vm\prims\jvm.cpp, line 1312]
Event: 7.965 Thread 0x0000000016a0b800 Exception <a 'java/security/PrivilegedActionException'> (0x00000000eb9a0890) thrown at [D:\re\workspace\8-2-build-windows-amd64-cygwin\jdk8u25\1677\hotspot\src\share\vm\prims\jvm.cpp, line 1312]
Event: 7.965 Thread 0x0000000016a0b800 Exception <a 'java/security/PrivilegedActionException'> (0x00000000eb9a12b0) thrown at [D:\re\workspace\8-2-build-windows-amd64-cygwin\jdk8u25\1677\hotspot\src\share\vm\prims\jvm.cpp, line 1312]

Events (10 events):
Event: 7.956 loading class org/codehaus/groovy/runtime/metaclass/ClosureMetaClass
Event: 7.956 loading class org/codehaus/groovy/runtime/metaclass/ClosureMetaClass done
Event: 7.957 loading class org/codehaus/groovy/runtime/metaclass/ClosureMetaClass$1
Event: 7.957 loading class org/codehaus/groovy/runtime/metaclass/ClosureMetaClass$1 done
Event: 7.959 loading class org/codehaus/groovy/runtime/metaclass/ClosureMetaClass$MethodChooser
Event: 7.959 loading class org/codehaus/groovy/runtime/metaclass/ClosureMetaClass$MethodChooser done
Event: 7.964 loading class org/codehaus/groovy/runtime/metaclass/ClosureMetaClass$StandardClosureChooser
Event: 7.964 loading class org/codehaus/groovy/runtime/metaclass/ClosureMetaClass$StandardClosureChooser done
Event: 7.965 loading class org/codehaus/groovy/runtime/ArrayUtil
Event: 7.965 loading class org/codehaus/groovy/runtime/ArrayUtil done


Dynamic libraries:
0x00007ff73c9b0000 - 0x00007ff73c9e4000 	C:\Program Files\Java\jdk1.8.0_25\bin\java.exe
0x00007ffb30490000 - 0x00007ffb30636000 	C:\WINDOWS\SYSTEM32\ntdll.dll
0x00007ffb30170000 - 0x00007ffb302aa000 	C:\WINDOWS\system32\KERNEL32.DLL
0x00007ffb2dc00000 - 0x00007ffb2dd0f000 	C:\WINDOWS\system32\KERNELBASE.dll
0x00007ffb2c3f0000 - 0x00007ffb2c478000 	C:\WINDOWS\system32\apphelp.dll
0x00007ffafd220000 - 0x00007ffafd26f000 	C:\WINDOWS\AppPatch\AppPatch64\AcGenral.DLL
0x00007ffb2fa50000 - 0x00007ffb2faf7000 	C:\WINDOWS\system32\msvcrt.dll
0x00007ffb2d6b0000 - 0x00007ffb2d6db000 	C:\WINDOWS\SYSTEM32\SspiCli.dll
0x00007ffb302b0000 - 0x00007ffb30301000 	C:\WINDOWS\system32\SHLWAPI.dll
0x00007ffb2dd10000 - 0x00007ffb2de81000 	C:\WINDOWS\system32\USER32.dll
0x00007ffb30310000 - 0x00007ffb30488000 	C:\WINDOWS\system32\ole32.dll
0x00007ffb2df00000 - 0x00007ffb2f30f000 	C:\WINDOWS\system32\SHELL32.dll
0x00007ffb2ce70000 - 0x00007ffb2ce8e000 	C:\WINDOWS\SYSTEM32\USERENV.dll
0x00007ffb2fd80000 - 0x00007ffb2fe25000 	C:\WINDOWS\system32\ADVAPI32.dll
0x00007ffb19740000 - 0x00007ffb1975b000 	C:\WINDOWS\SYSTEM32\MPR.dll
0x00007ffb2fbe0000 - 0x00007ffb2fd17000 	C:\WINDOWS\system32\RPCRT4.dll
0x00007ffb2f9f0000 - 0x00007ffb2fa47000 	C:\WINDOWS\SYSTEM32\sechost.dll
0x00007ffb2f4f0000 - 0x00007ffb2f6c6000 	C:\WINDOWS\SYSTEM32\combase.dll
0x00007ffb2f6d0000 - 0x00007ffb2f814000 	C:\WINDOWS\system32\GDI32.dll
0x00007ffb2d800000 - 0x00007ffb2d814000 	C:\WINDOWS\SYSTEM32\profapi.dll
0x00007ffb2c350000 - 0x00007ffb2c3ef000 	C:\WINDOWS\SYSTEM32\SHCORE.dll
0x00007ffb2f4b0000 - 0x00007ffb2f4e4000 	C:\WINDOWS\system32\IMM32.DLL
0x00007ffb2f830000 - 0x00007ffb2f969000 	C:\WINDOWS\system32\MSCTF.dll
0x00007ffb2b9d0000 - 0x00007ffb2bc2a000 	C:\WINDOWS\WinSxS\amd64_microsoft.windows.common-controls_6595b64144ccf1df_6.0.9600.17031_none_6242a4b3ecbb55a1\COMCTL32.dll
0x0000000070550000 - 0x0000000070622000 	C:\Program Files\Java\jdk1.8.0_25\jre\bin\msvcr100.dll
0x000000006fcf0000 - 0x000000007054a000 	C:\Program Files\Java\jdk1.8.0_25\jre\bin\server\jvm.dll
0x00007ffb248e0000 - 0x00007ffb248e9000 	C:\WINDOWS\SYSTEM32\WSOCK32.dll
0x00007ffb2b3f0000 - 0x00007ffb2b40f000 	C:\WINDOWS\SYSTEM32\WINMM.dll
0x00007ffb2fbd0000 - 0x00007ffb2fbd7000 	C:\WINDOWS\system32\PSAPI.DLL
0x00007ffb2f970000 - 0x00007ffb2f9c8000 	C:\WINDOWS\system32\WS2_32.dll
0x00007ffb2b060000 - 0x00007ffb2b08a000 	C:\WINDOWS\SYSTEM32\WINMMBASE.dll
0x00007ffb2def0000 - 0x00007ffb2def9000 	C:\WINDOWS\system32\NSI.dll
0x00007ffb2d920000 - 0x00007ffb2d96a000 	C:\WINDOWS\SYSTEM32\cfgmgr32.dll
0x00007ffb2c690000 - 0x00007ffb2c6b6000 	C:\WINDOWS\SYSTEM32\DEVOBJ.dll
0x0000000073720000 - 0x000000007372f000 	C:\Program Files\Java\jdk1.8.0_25\jre\bin\verify.dll
0x000000006fcc0000 - 0x000000006fce8000 	C:\Program Files\Java\jdk1.8.0_25\jre\bin\java.dll
0x000000006fca0000 - 0x000000006fcb6000 	C:\Program Files\Java\jdk1.8.0_25\jre\bin\zip.dll
0x00007ffb2d170000 - 0x00007ffb2d18e000 	C:\WINDOWS\SYSTEM32\CRYPTSP.dll
0x00007ffb2cd60000 - 0x00007ffb2cd95000 	C:\WINDOWS\system32\rsaenh.dll
0x00007ffb2d3b0000 - 0x00007ffb2d3d6000 	C:\WINDOWS\SYSTEM32\bcrypt.dll
0x00007ffb2d6e0000 - 0x00007ffb2d740000 	C:\WINDOWS\system32\bcryptprimitives.dll
0x00007ffb2d740000 - 0x00007ffb2d74a000 	C:\WINDOWS\SYSTEM32\CRYPTBASE.dll
0x000000006fc80000 - 0x000000006fc9a000 	C:\Program Files\Java\jdk1.8.0_25\jre\bin\net.dll
0x00007ffb2d110000 - 0x00007ffb2d168000 	C:\WINDOWS\system32\mswsock.dll
0x00007ffb27d60000 - 0x00007ffb27d89000 	C:\WINDOWS\SYSTEM32\IPHLPAPI.DLL
0x00007ffb27c60000 - 0x00007ffb27c6a000 	C:\WINDOWS\SYSTEM32\WINNSI.DLL
0x00007ffb273f0000 - 0x00007ffb27404000 	C:\WINDOWS\SYSTEM32\dhcpcsvc6.DLL
0x00007ffb273d0000 - 0x00007ffb273e9000 	C:\WINDOWS\SYSTEM32\dhcpcsvc.DLL
0x000000006fc60000 - 0x000000006fc71000 	C:\Program Files\Java\jdk1.8.0_25\jre\bin\nio.dll
0x00007ffb14ec0000 - 0x00007ffb14ed2000 	C:\Users\Markus\AppData\Local\Temp\native-platform863009926752952770dir\native-platform.dll
0x00007ffb207e0000 - 0x00007ffb20968000 	C:\WINDOWS\SYSTEM32\dbghelp.dll

VM Arguments:
jvm_args: -XX:MaxPermSize=256m -XX:+HeapDumpOnOutOfMemoryError -Xmx1024m -Dfile.encoding=windows-1252 -Duser.country=US -Duser.language=en -Duser.variant 
java_command: org.gradle.launcher.daemon.bootstrap.GradleDaemon 2.2.1 D:\.gradle\daemon 10800000 025a39fa-9c06-4e18-8584-072aa3f92c3a -XX:MaxPermSize=256m -XX:+HeapDumpOnOutOfMemoryError -Xmx1024m -Dfile.encoding=windows-1252 -Duser.country=US -Duser.language=en -Duser.variant
java_class_path (initial): C:\Program Files\Android\Android Studio\gradle\gradle-2.2.1\lib\gradle-launcher-2.2.1.jar
Launcher Type: SUN_STANDARD

Environment Variables:
CLASSPATH=C:\pt.jar;.\classes\;.;
PATH=C:\Program Files (x86)\Google\Chrome\Application;C:\ProgramData\Oracle\Java\javapath;C:\Program Files\MongoDB 2.6 Standard\bin;C:\Program Files (x86)\NVIDIA Corporation\PhysX\Common;C:\Program Files (x86)\Common Files\Intel\Shared Libraries\redist\intel64\compiler;C:\Program Files (x86)\Common Files\Intel\Shared Libraries\redist\ia32\compiler;C:\Python33\;C:\Program Files\Java\jre7\bin;C:\WINDOWS\system32;C:\WINDOWS;C:\WINDOWS\System32\Wbem;C:\WINDOWS\System32\WindowsPowerShell\v1.0\;C:\Program Files\Java\jdk1.7.0_11\bin;C:\Program Files (x86)\Microsoft ASP.NET\ASP.NET Web Pages\v1.0\;C:\Program Files\Microsoft SQL Server\110\Tools\Binn\;C:\Users\Markus\AppData\Local\Android\android-sdk\platform-tools;C:\Program Files\OpenVPN\bin;C:\ProgramData\chocolatey\bin;C:\Program Files\nodejs\;C:\Program Files\Oracle\VirtualBox;C:\HashiCorp\Vagrant\bin;C:\Program Files (x86)\Git\cmd;C:\Program Files (x86)\QuickTime\QTSystem\; C:\Program Files\MongoDB 2.6 Standard\bin;C:\Program Files (x86)\OpenVPN\bin;C:\Users\Markus\AppData\Roaming\npm
USERNAME=Markus
OS=Windows_NT
PROCESSOR_IDENTIFIER=AMD64 Family 16 Model 4 Stepping 2, AuthenticAMD



---------------  S Y S T E M  ---------------

OS: Windows 8.1 , 64 bit Build 9600 

CPU:total 3 (3 cores per cpu, 1 threads per core) family 16 model 4 stepping 2, cmov, cx8, fxsr, mmx, sse, sse2, sse3, popcnt, mmxext, 3dnowpref, lzcnt, sse4a, tsc, tscinvbit, tscinv

Memory: 4k page, physical 8387060k(643192k free), swap 12581364k(5800k free)

vm_info: Java HotSpot(TM) 64-Bit Server VM (25.25-b02) for windows-amd64 JRE (1.8.0_25-b18), built on Oct  7 2014 14:25:37 by "java_re" with MS VC++ 10.0 (VS2010)

time: Thu Dec 18 23:03:26 2014
elapsed time: 8 seconds (0d 0h 0m 8s)

